WARNING:werkzeug: * Debugger is active!
INFO:werkzeug: * Debugger PIN: 198-661-181
INFO:werkzeug: * Detected change in '/usr/src/app/url_shortener/core.py', reloading
WARNING:werkzeug: * Debugger is active!
INFO:werkzeug: * Debugger PIN: 198-661-181
INFO:werkzeug: * Detected change in '/usr/src/app/url_shortener/core.py', reloading
INFO:werkzeug: * Running on http://0.0.0.0:5000/ (Press CTRL+C to quit)
INFO:werkzeug: * Restarting with stat
WARNING:werkzeug: * Debugger is active!
INFO:werkzeug: * Debugger PIN: 498-656-035
INFO:werkzeug: * Running on http://0.0.0.0:5000/ (Press CTRL+C to quit)
INFO:werkzeug: * Restarting with stat
WARNING:werkzeug: * Debugger is active!
INFO:werkzeug: * Debugger PIN: 498-656-035
INFO:werkzeug: * Detected change in '/usr/src/app/url_shortener/core.py', reloading
INFO:werkzeug: * Restarting with stat
WARNING:werkzeug: * Debugger is active!
INFO:werkzeug: * Debugger PIN: 498-656-035
INFO:werkzeug: * Detected change in '/usr/src/app/url_shortener/__init__.py', reloading
INFO:werkzeug: * Restarting with stat
WARNING:werkzeug: * Debugger is active!
INFO:werkzeug: * Debugger PIN: 498-656-035
INFO:werkzeug:172.18.0.1 - - [17/Sep/2020 20:53:46] "[37mGET / HTTP/1.1[0m" 200 -
INFO:werkzeug:172.18.0.1 - - [17/Sep/2020 20:53:46] "[33mGET /screenshots/0.png HTTP/1.1[0m" 404 -
INFO:werkzeug:172.18.0.1 - - [17/Sep/2020 20:53:46] "[33mGET /screenshots/1.png HTTP/1.1[0m" 404 -
INFO:werkzeug:172.18.0.1 - - [17/Sep/2020 20:53:47] "[37mGET /favicon.ico HTTP/1.1[0m" 200 -
INFO:werkzeug:172.18.0.1 - - [17/Sep/2020 20:53:58] "[37mGET / HTTP/1.1[0m" 200 -
INFO:werkzeug:172.18.0.1 - - [17/Sep/2020 20:54:09] "[35m[1mPOST /shortener/ HTTP/1.1[0m" 500 -
INFO:werkzeug: * Detected change in '/usr/src/app/url_shortener/core.py', reloading
INFO:werkzeug: * Restarting with stat
WARNING:werkzeug: * Debugger is active!
INFO:werkzeug: * Debugger PIN: 498-656-035
INFO:werkzeug: * Detected change in '/usr/src/app/url_shortener/__init__.py', reloading
INFO:werkzeug: * Restarting with stat
WARNING:werkzeug: * Debugger is active!
INFO:werkzeug: * Debugger PIN: 498-656-035
INFO:werkzeug: * Detected change in '/usr/src/app/url_shortener/__init__.py', reloading
INFO:werkzeug: * Restarting with stat
WARNING:werkzeug: * Debugger is active!
INFO:werkzeug: * Debugger PIN: 498-656-035
INFO:werkzeug: * Detected change in '/usr/src/app/url_shortener/__init__.py', reloading
INFO:werkzeug: * Restarting with stat
WARNING:werkzeug: * Debugger is active!
INFO:werkzeug: * Debugger PIN: 498-656-035
INFO:werkzeug: * Detected change in '/usr/src/app/url_shortener/__init__.py', reloading
INFO:werkzeug: * Restarting with stat
WARNING:werkzeug: * Debugger is active!
INFO:werkzeug: * Debugger PIN: 498-656-035
INFO:werkzeug: * Detected change in '/usr/src/app/url_shortener/__init__.py', reloading
INFO:werkzeug: * Restarting with stat
WARNING:werkzeug: * Debugger is active!
INFO:werkzeug: * Debugger PIN: 498-656-035
INFO:werkzeug: * Detected change in '/usr/src/app/url_shortener/__init__.py', reloading
INFO:werkzeug: * Restarting with stat
WARNING:werkzeug: * Debugger is active!
INFO:werkzeug: * Debugger PIN: 498-656-035
INFO:werkzeug: * Detected change in '/usr/src/app/url_shortener/__init__.py', reloading
INFO:werkzeug: * Restarting with stat
WARNING:werkzeug: * Debugger is active!
INFO:werkzeug: * Debugger PIN: 498-656-035
INFO:werkzeug: * Detected change in '/usr/src/app/url_shortener/__init__.py', reloading
INFO:werkzeug: * Restarting with stat
WARNING:werkzeug: * Debugger is active!
INFO:werkzeug: * Debugger PIN: 498-656-035
